2023-08-21T18:24:31.393Z info: Starting application...
2023-08-21T18:24:31.395Z info: Port configuration: 3000
2023-08-21T18:24:31.395Z info: Fetch interval configuration: 10 minutes
2023-08-21T18:24:31.604Z info: Starting scheduling of data fetching tasks...
2023-08-21T18:24:31.604Z info: Scheduling task for data fetching in 329000 milliseconds.
2023-08-21T18:24:31.605Z info: Scheduled task started.
2023-08-21T18:24:31.605Z info: Routes set up for /api/v1/servers
2023-08-21T18:24:31.606Z info: Error handler middleware set up.
2023-08-21T18:24:31.608Z info: Server is running on port 3000
2023-08-21T18:44:31.511Z info: Starting application...
2023-08-21T18:44:31.517Z info: Port configuration: 3000
2023-08-21T18:44:31.517Z info: Fetch interval configuration: 10 minutes
2023-08-21T18:44:31.718Z info: Starting scheduling of data fetching tasks...
2023-08-21T18:44:31.718Z info: Scheduling task for data fetching in 329000 milliseconds.
2023-08-21T18:44:31.719Z info: Scheduled task started.
2023-08-21T18:44:31.719Z info: Routes set up for /api/v1/authorizations
2023-08-21T18:44:31.720Z info: Routes set up for /api/v1/servers
2023-08-21T18:44:31.720Z info: Error handler middleware set up.
2023-08-21T18:44:31.722Z info: Server is running on port 3000
2023-08-21T18:47:31.819Z info: Starting application...
2023-08-21T18:47:31.821Z info: Port configuration: 3000
2023-08-21T18:47:31.821Z info: Fetch interval configuration: 10 minutes
2023-08-21T18:47:32.060Z info: Starting scheduling of data fetching tasks...
2023-08-21T18:47:32.060Z info: Scheduling task for data fetching in 148000 milliseconds.
2023-08-21T18:47:32.060Z info: Scheduled task started.
2023-08-21T18:47:32.061Z info: Routes set up for /api/v1/authorizations
2023-08-21T18:47:32.061Z info: Routes set up for /api/v1/servers
2023-08-21T18:47:32.061Z info: Error handler middleware set up.
2023-08-21T18:47:32.063Z info: Server is running on port 3000
2023-08-21T18:47:49.849Z info: Starting application...
2023-08-21T18:47:49.851Z info: Port configuration: 3000
2023-08-21T18:47:49.851Z info: Fetch interval configuration: 10 minutes
2023-08-21T18:47:50.069Z info: Starting scheduling of data fetching tasks...
2023-08-21T18:47:50.069Z info: Scheduling task for data fetching in 130000 milliseconds.
2023-08-21T18:47:50.070Z info: Scheduled task started.
2023-08-21T18:47:50.071Z info: Routes set up for /api/v1/authorizations
2023-08-21T18:47:50.071Z info: Routes set up for /api/v1/servers
2023-08-21T18:47:50.072Z info: Error handler middleware set up.
2023-08-21T18:47:50.073Z info: Server is running on port 3000
2023-08-21T18:50:00.072Z info: Executing data fetching task...
2023-08-21T18:50:00.073Z info: Fetching data from all servers...
2023-08-21T18:50:00.074Z info: Fetching data from mc.erisium.com:25565
2023-08-21T18:50:00.139Z info: Fetching data from play.craftok.fr:25565
2023-08-21T18:50:00.140Z info: Fetching data from funcraft.net:25565
2023-08-21T18:50:00.141Z info: Fetching data from mc.erisium.com:25565
2023-08-21T18:50:00.141Z info: Fetching data from funcraft.net:25565
2023-08-21T18:50:00.141Z info: Fetching data from play.rinaorc.com:25565
2023-08-21T18:50:00.142Z info: Fetching data from mc.uhcworld.fr:25565
2023-08-21T18:50:00.142Z info: Data fetching task executed.
2023-08-21T18:50:00.142Z info: Scheduling task for data fetching in 600000 milliseconds.
2023-08-21T18:50:00.607Z info: Data fetched from funcraft.net:25565
2023-08-21T18:50:00.607Z info: Data fetched from play.craftok.fr:25565
2023-08-21T18:50:00.607Z info: Data fetched from mc.erisium.com:25565
2023-08-21T18:50:00.625Z info: Data fetched from mc.erisium.com:25565
2023-08-21T18:50:00.802Z info: Data fetched from play.rinaorc.com:25565
2023-08-21T18:50:00.910Z info: Data fetched from funcraft.net:25565
2023-08-21T18:51:23.330Z info: Starting application...
2023-08-21T18:51:23.336Z info: Port configuration: 3000
2023-08-21T18:51:23.336Z info: Fetch interval configuration: 10 minutes
2023-08-21T18:51:23.564Z info: Starting scheduling of data fetching tasks...
2023-08-21T18:51:23.564Z info: Scheduling task for data fetching in 517000 milliseconds.
2023-08-21T18:51:23.565Z info: Scheduled task started.
2023-08-21T18:51:23.565Z info: Routes set up for /api/v1/authorizations
2023-08-21T18:51:23.565Z info: Routes set up for /api/v1/servers
2023-08-21T18:51:23.566Z info: Error handler middleware set up.
2023-08-21T18:51:23.571Z info: Server is running on port 3000
2023-08-21T18:52:54.142Z info: Starting application...
2023-08-21T18:52:54.148Z info: Port configuration: 3000
2023-08-21T18:52:54.149Z info: Fetch interval configuration: 10 minutes
2023-08-21T18:52:54.392Z info: Starting scheduling of data fetching tasks...
2023-08-21T18:52:54.392Z info: Scheduling task for data fetching in 426000 milliseconds.
2023-08-21T18:52:54.393Z info: Scheduled task started.
2023-08-21T18:52:54.393Z info: Routes set up for /api/v1/authorizations
2023-08-21T18:52:54.394Z info: Routes set up for /api/v1/servers
2023-08-21T18:52:54.394Z info: Error handler middleware set up.
2023-08-21T18:52:54.397Z info: Server is running on port 3000
2023-08-21T18:57:04.099Z info: Starting application...
2023-08-21T18:57:04.105Z info: Port configuration: 3000
2023-08-21T18:57:04.105Z info: Fetch interval configuration: 10 minutes
2023-08-21T18:57:04.336Z info: Starting scheduling of data fetching tasks...
2023-08-21T18:57:04.336Z info: Scheduling task for data fetching in 176000 milliseconds.
2023-08-21T18:57:04.337Z info: Scheduled task started.
2023-08-21T18:57:04.337Z info: Routes set up for /api/v1/authorizations
2023-08-21T18:57:04.338Z info: Routes set up for /api/v1/servers
2023-08-21T18:57:04.338Z info: Error handler middleware set up.
2023-08-21T18:57:04.341Z info: Server is running on port 3000
2023-08-21T18:59:17.228Z info: Received request for server list.
2023-08-21T18:59:17.229Z info: Server list sent.
2023-08-21T19:00:00.339Z info: Executing data fetching task...
2023-08-21T19:00:00.341Z info: Fetching data from all servers...
2023-08-21T19:00:00.341Z info: Fetching data from mc.erisium.com:25565
2023-08-21T19:00:00.420Z info: Fetching data from play.craftok.fr:25565
2023-08-21T19:00:00.421Z info: Fetching data from funcraft.net:25565
2023-08-21T19:00:00.421Z info: Fetching data from mc.erisium.com:25565
2023-08-21T19:00:00.422Z info: Fetching data from funcraft.net:25565
2023-08-21T19:00:00.422Z info: Fetching data from play.rinaorc.com:25565
2023-08-21T19:00:00.422Z info: Fetching data from mc.uhcworld.fr:25565
2023-08-21T19:00:00.423Z info: Data fetching task executed.
2023-08-21T19:00:00.423Z info: Scheduling task for data fetching in 600000 milliseconds.
2023-08-21T19:00:00.511Z info: Data fetched from funcraft.net:25565
2023-08-21T19:00:00.633Z info: Data fetched from funcraft.net:25565
2023-08-21T19:00:00.633Z info: Data fetched from mc.erisium.com:25565
2023-08-21T19:00:00.634Z info: Data fetched from mc.erisium.com:25565
2023-08-21T19:00:00.722Z info: Data fetched from play.rinaorc.com:25565
2023-08-21T19:00:01.032Z info: Data fetched from play.craftok.fr:25565
2023-08-21T19:02:00.427Z error: Error fetching data from mc.uhcworld.fr:25565 ETIMEDOUT
2023-08-21T19:02:00.429Z info: Data fetched and updated for all servers.
2023-08-21T19:10:00.428Z info: Executing data fetching task...
2023-08-21T19:10:00.437Z info: Fetching data from all servers...
2023-08-21T19:10:00.443Z info: Fetching data from mc.erisium.com:25565
2023-08-21T19:10:00.453Z info: Fetching data from play.craftok.fr:25565
2023-08-21T19:10:00.455Z info: Fetching data from funcraft.net:25565
2023-08-21T19:10:00.456Z info: Fetching data from mc.erisium.com:25565
2023-08-21T19:10:00.457Z info: Fetching data from funcraft.net:25565
2023-08-21T19:10:00.457Z info: Fetching data from play.rinaorc.com:25565
2023-08-21T19:10:00.458Z info: Fetching data from mc.uhcworld.fr:25565
2023-08-21T19:10:00.459Z info: Data fetching task executed.
2023-08-21T19:10:00.459Z info: Scheduling task for data fetching in 600000 milliseconds.
2023-08-21T19:10:00.557Z info: Data fetched from funcraft.net:25565
2023-08-21T19:10:00.559Z info: Data fetched from mc.erisium.com:25565
2023-08-21T19:10:00.562Z info: Data fetched from funcraft.net:25565
2023-08-21T19:10:00.584Z info: Data fetched from mc.erisium.com:25565
2023-08-21T19:10:00.676Z info: Data fetched from play.rinaorc.com:25565
2023-08-21T19:10:00.726Z info: Data fetched from play.craftok.fr:25565
2023-08-21T19:12:00.468Z error: Error fetching data from mc.uhcworld.fr:25565 ETIMEDOUT
2023-08-21T19:12:00.470Z info: Data fetched and updated for all servers.
2023-08-21T19:20:00.461Z info: Executing data fetching task...
2023-08-21T19:20:00.463Z info: Fetching data from all servers...
2023-08-21T19:20:00.463Z info: Fetching data from mc.erisium.com:25565
2023-08-21T19:20:00.467Z info: Fetching data from play.craftok.fr:25565
2023-08-21T19:20:00.468Z info: Fetching data from funcraft.net:25565
2023-08-21T19:20:00.468Z info: Fetching data from mc.erisium.com:25565
2023-08-21T19:20:00.469Z info: Fetching data from funcraft.net:25565
2023-08-21T19:20:00.469Z info: Fetching data from play.rinaorc.com:25565
2023-08-21T19:20:00.470Z info: Fetching data from mc.uhcworld.fr:25565
2023-08-21T19:20:00.470Z info: Data fetching task executed.
2023-08-21T19:20:00.470Z info: Scheduling task for data fetching in 600000 milliseconds.
2023-08-21T19:20:00.667Z info: Data fetched from funcraft.net:25565
2023-08-21T19:20:00.669Z info: Data fetched from funcraft.net:25565
2023-08-21T19:20:00.708Z info: Data fetched from play.craftok.fr:25565
2023-08-21T19:20:01.007Z info: Data fetched from mc.erisium.com:25565
2023-08-21T19:20:01.016Z info: Data fetched from mc.erisium.com:25565
2023-08-21T19:20:01.018Z info: Data fetched from play.rinaorc.com:25565
2023-08-21T19:22:00.473Z error: Error fetching data from mc.uhcworld.fr:25565 ETIMEDOUT
2023-08-21T19:22:00.474Z info: Data fetched and updated for all servers.
2023-08-21T19:29:10.530Z info: Starting application...
2023-08-21T19:29:10.536Z info: Port configuration: 3000
2023-08-21T19:29:10.536Z info: Fetch interval configuration: 10 minutes
2023-08-21T19:29:10.748Z info: Starting scheduling of data fetching tasks...
2023-08-21T19:29:10.749Z info: Scheduling task for data fetching in 50000 milliseconds.
2023-08-21T19:29:10.749Z info: Scheduled task started.
2023-08-21T19:29:10.750Z info: Routes set up for /api/v1/authorizations
2023-08-21T19:29:10.750Z info: Routes set up for /api/v1/servers
2023-08-21T19:29:10.750Z info: Error handler middleware set up.
2023-08-21T19:29:10.753Z info: Server is running on port 3000
2023-08-21T19:30:00.750Z info: Executing data fetching task...
2023-08-21T19:30:00.752Z info: Fetching data from all servers...
2023-08-21T19:30:00.753Z info: Fetching data from mc.erisium.com:25565
2023-08-21T19:30:00.850Z info: Fetching data from play.craftok.fr:25565
2023-08-21T19:30:00.851Z info: Fetching data from funcraft.net:25565
2023-08-21T19:30:00.851Z info: Fetching data from mc.erisium.com:25565
2023-08-21T19:30:00.852Z info: Fetching data from funcraft.net:25565
2023-08-21T19:30:00.852Z info: Fetching data from play.rinaorc.com:25565
2023-08-21T19:30:00.852Z info: Fetching data from mc.uhcworld.fr:25565
2023-08-21T19:30:00.853Z info: Data fetching task executed.
2023-08-21T19:30:00.853Z info: Scheduling task for data fetching in 600000 milliseconds.
2023-08-21T19:30:01.003Z info: Data fetched from mc.erisium.com:25565
2023-08-21T19:30:01.006Z info: Data fetched from funcraft.net:25565
2023-08-21T19:30:01.006Z info: Data fetched from mc.erisium.com:25565
2023-08-21T19:30:01.007Z info: Data fetched from funcraft.net:25565
2023-08-21T19:30:01.051Z info: Data fetched from play.rinaorc.com:25565
2023-08-21T19:30:01.200Z info: Data fetched from play.craftok.fr:25565
2023-08-21T19:30:40.593Z info: Attempting login for username: soisyhpe
2023-08-21T19:30:40.593Z info: Login successful for username: soisyhpe
2023-08-21T19:31:29.459Z info: Starting application...
2023-08-21T19:31:29.461Z info: Port configuration: 3000
2023-08-21T19:31:29.461Z info: Fetch interval configuration: 10 minutes
2023-08-21T19:31:29.715Z info: Starting scheduling of data fetching tasks...
2023-08-21T19:31:29.715Z info: Scheduling task for data fetching in 511000 milliseconds.
2023-08-21T19:31:29.716Z info: Scheduled task started.
2023-08-21T19:31:29.717Z info: Routes set up for /api/v1/authorizations
2023-08-21T19:31:29.717Z info: Routes set up for /api/v1/servers
2023-08-21T19:31:29.718Z info: Error handler middleware set up.
2023-08-21T19:31:29.719Z info: Server is running on port 3000
2023-08-21T19:31:31.969Z info: Received request for server list.
2023-08-21T19:31:31.972Z info: Server list sent.
